Build started 06.01.2013 18:45:14.
     1>Project "C:\Users\Innocent\Desktop\3. PROJE\BIR_ISLEM\bir_islem\bir_islem\bir_islem.vcxproj" on node 2 (build target(s)).
     1>InitializeBuildStatus:
         Creating "Debug\bir_islem.unsuccessfulbuild" because "AlwaysCreate" was specified.
       ClCompile:
         c:\Program Files (x86)\Microsoft Visual Studio 10.0\VC\bin\CL.exe /c /ZI /nologo /W3 /WX- /Od /Oy- /D _MBCS /Gm /EHsc /RTC1 /MDd /GS /fp:precise /Zc:wchar_t /Zc:forScope /Fo"Debug\\" /Fd"Debug\vc100.pdb" /Gd /TP /analyze- /errorReport:prompt anaprogram.cpp
         anaprogram.cpp
     1>c:\users\innocent\desktop\3. proje\bir_islem\bir_islem\bir_islem\fonksiyonlar.h(81): warning C4715: 'operator_uret' : not all control paths return a value
       Link:
         c:\Program Files (x86)\Microsoft Visual Studio 10.0\VC\bin\link.exe /ERRORREPORT:PROMPT /OUT:"C:\Users\Innocent\Desktop\3. PROJE\BIR_ISLEM\bir_islem\Debug\bir_islem.exe" /NOLOGO alleg.lib kernel32.lib user32.lib gdi32.lib winspool.lib comdlg32.lib advapi32.lib shell32.lib ole32.lib oleaut32.lib uuid.lib odbc32.lib odbccp32.lib /MANIFEST /ManifestFile:"Debug\bir_islem.exe.intermediate.manifest" /MANIFESTUAC:"level='asInvoker' uiAccess='false'" /DEBUG /PDB:"C:\Users\Innocent\Desktop\3. PROJE\BIR_ISLEM\bir_islem\Debug\bir_islem.pdb" /TLBID:1 /DYNAMICBASE /NXCOMPAT /IMPLIB:"C:\Users\Innocent\Desktop\3. PROJE\BIR_ISLEM\bir_islem\Debug\bir_islem.lib" /MACHINE:X86 Debug\anaprogram.obj
         LINK : C:\Users\Innocent\Desktop\3. PROJE\BIR_ISLEM\bir_islem\Debug\bir_islem.exe not found or not built by the last incremental link; performing full link
         bir_islem.vcxproj -> C:\Users\Innocent\Desktop\3. PROJE\BIR_ISLEM\bir_islem\Debug\bir_islem.exe
       Manifest:
         C:\Program Files (x86)\Microsoft SDKs\Windows\v7.0A\bin\mt.exe /nologo /verbose /outputresource:"C:\Users\Innocent\Desktop\3. PROJE\BIR_ISLEM\bir_islem\Debug\bir_islem.exe;#1" /manifest Debug\bir_islem.exe.intermediate.manifest
       FinalizeBuildStatus:
         Deleting file "Debug\bir_islem.unsuccessfulbuild".
         Touching "Debug\bir_islem.lastbuildstate".
     1>Done Building Project "C:\Users\Innocent\Desktop\3. PROJE\BIR_ISLEM\bir_islem\bir_islem\bir_islem.vcxproj" (build target(s)).

Build succeeded.

Time Elapsed 00:00:01.91
