Build started 24.12.2012 03:21:37.
     1>Project "C:\Users\Innocent\Desktop\3.proje son\bir_islem\bir_islem\bir_islem.vcxproj" on node 2 (build target(s)).
     1>InitializeBuildStatus:
         Touching "Release\bir_islem.unsuccessfulbuild".
       ClCompile:
         c:\Program Files (x86)\Microsoft Visual Studio 10.0\VC\bin\CL.exe /c /Zi /nologo /W3 /WX- /O2 /Oi /Oy- /GL /D _MBCS /Gm- /EHsc /MD /GS /Gy /fp:precise /Zc:wchar_t /Zc:forScope /Fo"Release\\" /Fd"Release\vc100.pdb" /Gd /TP /analyze- /errorReport:prompt anaprogram.cpp
         anaprogram.cpp
       Link:
         c:\Program Files (x86)\Microsoft Visual Studio 10.0\VC\bin\link.exe /ERRORREPORT:PROMPT /OUT:"C:\Users\Innocent\Desktop\3.proje son\bir_islem\Release\bir_islem.exe" /NOLOGO kernel32.lib user32.lib gdi32.lib winspool.lib comdlg32.lib advapi32.lib shell32.lib ole32.lib oleaut32.lib uuid.lib odbc32.lib odbccp32.lib /MANIFEST /ManifestFile:"Release\bir_islem.exe.intermediate.manifest" /MANIFESTUAC:"level='asInvoker' uiAccess='false'" /DEBUG /PDB:"C:\Users\Innocent\Desktop\3.proje son\bir_islem\Release\bir_islem.pdb" /OPT:REF /OPT:ICF /LTCG /TLBID:1 /DYNAMICBASE /NXCOMPAT /IMPLIB:"C:\Users\Innocent\Desktop\3.proje son\bir_islem\Release\bir_islem.lib" /MACHINE:X86 Release\anaprogram.obj
     1>anaprogram.obj : error LNK2001: unresolved external symbol __imp___WinMain
     1>anaprogram.obj : error LNK2001: unresolved external symbol __imp__install_keyboard
     1>anaprogram.obj : error LNK2001: unresolved external symbol __imp__set_color_depth
     1>anaprogram.obj : error LNK2001: unresolved external symbol __imp__readkey
     1>anaprogram.obj : error LNK2001: unresolved external symbol __imp__textprintf_ex
     1>anaprogram.obj : error LNK2001: unresolved external symbol __imp__makecol
     1>anaprogram.obj : error LNK2001: unresolved external symbol __imp__clear_bitmap
     1>anaprogram.obj : error LNK2001: unresolved external symbol __imp__blit
     1>anaprogram.obj : error LNK2001: unresolved external symbol __imp__font
     1>anaprogram.obj : error LNK2001: unresolved external symbol __imp__screen
     1>anaprogram.obj : error LNK2001: unresolved external symbol __imp___install_allegro_version_check
     1>anaprogram.obj : error LNK2001: unresolved external symbol __imp__set_gfx_mode
     1>anaprogram.obj : error LNK2001: unresolved external symbol __imp__load_bitmap
     1>anaprogram.obj : error LNK2001: unresolved external symbol __imp__key
     1>C:\Users\Innocent\Desktop\3.proje son\bir_islem\Release\bir_islem.exe : fatal error LNK1120: 14 unresolved externals
     1>Done Building Project "C:\Users\Innocent\Desktop\3.proje son\bir_islem\bir_islem\bir_islem.vcxproj" (build target(s)) -- FAILED.

Build FAILED.

Time Elapsed 00:00:00.59
